Removed Pin From Net: NetName=AGND Pin=C4-2
Removed Pin From Net: NetName=AGND Pin=C6-2
Removed Pin From Net: NetName=AGND Pin=C7-1
Removed Pin From Net: NetName=AGND Pin=C9-1
Removed Pin From Net: NetName=AGND Pin=D1-2
Removed Pin From Net: NetName=AGND Pin=D3-1
Removed Pin From Net: NetName=+5V Pin=R2-2
Removed Pin From Net: NetName=-5V Pin=R4-2
Added Component: Designator=C95(0603)
Added Pin To Net: NetName=DGND Pin=C93-1
Added Pin To Net: NetName=3V3 Pin=C93-2
Added Pin To Net: NetName=3V3 Pin=D1-1
Added Pin To Net: NetName=3V3 Pin=D3-1
Added Pin To Net: NetName=LED0 Pin=R2-2
Added Pin To Net: NetName=LED0 Pin=XC6SLX9-144-46
Added Net: Name=LED0
Added Pin To Net: NetName=LED1 Pin=R4-2
Added Pin To Net: NetName=LED1 Pin=XC6SLX9-144-47
Added Net: Name=LED1
Added Pin To Net: NetName=NetC4_2 Pin=C4-2
Added Pin To Net: NetName=NetC4_2 Pin=C6-2
Added Pin To Net: NetName=NetC4_2 Pin=C7-1
Added Pin To Net: NetName=NetC4_2 Pin=C9-1
Added Net: Name=NetC4_2
Added Pin To Net: NetName=NetD1_2 Pin=D1-2
Added Pin To Net: NetName=NetD1_2 Pin=R2-1
Added Net: Name=NetD1_2
Added Member To Class: ClassName=FPGA Member=Component C95 100nF
